<?xml version="1.0" encoding="UTF-8"?>
<testsuite xmlns:xsi="http://www.w3.org/2001/XMLSchema-instance" xsi:noNamespaceSchemaLocation="https://maven.apache.org/surefire/maven-surefire-plugin/xsd/surefire-test-report-3.0.xsd" version="3.0" name="com.tenpo.challenge.service.PercentageCalculatorServiceTest" time="1.514" tests="2" errors="0" skipped="0" failures="0">
  <properties>
[...]
</properties>
  <testcase name="testFindAllCalculations" classname="com.tenpo.challenge.service.PercentageCalculatorServiceTest" time="1.369"/>
  <testcase name="testCalculatePercentage" classname="com.tenpo.challenge.service.PercentageCalculatorServiceTest" time="0.122">
    <system-out><![CDATA[13:25:34.515 [main] INFO com.tenpo.challenge.client.ExternalPercentageClient -- Searching percentage from cache.
13:25:34.567 [main] INFO com.tenpo.challenge.client.ExternalPercentageClient -- Percentage isn't founded in the cache.
13:25:34.571 [main] INFO com.tenpo.challenge.client.ExternalPercentageClient -- Storing into cache the following percentage 10.0 with 30 minutes of duration.
]]></system-out>
  </testcase>
</testsuite>